#
# Copyright (c) 2009 Nokia Corporation and/or its subsidiary(-ies).
# All rights reserved.
# This component and the accompanying materials are made available
# under the terms of "Eclipse Public License v1.0"
# which accompanies this distribution, and is available
# at the URL "http://www.eclipse.org/legal/epl-v10.html".
#
# Initial Contributors:
# Nokia Corporation - initial contribution.
#
# Contributors:
#
# Description: 
#

component	mtp_framework
source \sf\mw\remoteconn\mtpfws\mtpfw\common
source \sf\mw\remoteconn\mtpfws\mtpfw\daemon
source \sf\mw\remoteconn\mtpfws\mtpfw\dataproviders\dataproviderapi
source \sf\mw\remoteconn\mtpfws\mtpfw\dataproviders\devdp
source \sf\mw\remoteconn\mtpfws\mtpfw\dataproviders\dputility
source \sf\mw\remoteconn\mtpfws\mtpfw\dataproviders\group
source \sf\mw\remoteconn\mtpfws\mtpfw\dataproviders\proxydp
source \sf\mw\remoteconn\mtpfws\mtpfw\datatypes
source \sf\mw\remoteconn\mtpfws\mtpfw
source \sf\mw\remoteconn\mtpfws\mtpfw\transports\transportapi

binary	\sf\mw\remoteconn\mtpfws\mtpfw\group all
exports	\sf\mw\remoteconn\mtpfws\mtpfw\group

notes_source	\component_defs\release.src

ipr E 
ipr T  \sf\mw\remoteconn\mtpfws\mtpfw\dataproviders\devdp\devdpextn
